<?xml version="1.0" encoding="UTF-8"?>
<!-- Generated by org.testng.reporters.JUnitXMLReporter -->
<testsuite ignored="0" hostname="LAPTOP-GGJ4726G" failures="0" tests="1" name="Test" time="0.11" errors="0" timestamp="2019-09-22T16:01:54 EDT">
  <testcase classname="Base.base" name="@BeforeSuite beforeSuite" time="-1.569182514436E9">
    <failure type="org.testng.TestNGException" message="
Can inject only one of &amp;lt;ITestContext, XmlTest&amp;gt; into a @BeforeSuite annotated beforeSuite.
For more information on native dependency injection please refer to http://testng.org/doc/documentation-main.html#native-dependency-injection">
      <![CDATA[org.testng.TestNGException: 
Can inject only one of <ITestContext, XmlTest> into a @BeforeSuite annotated beforeSuite.
For more information on native dependency injection please refer to http://testng.org/doc/documentation-main.html#native-dependency-injection
... Removed 16 stack frames]]>
    </failure>
  </testcase> <!-- @BeforeSuite beforeSuite -->
  <testcase classname="Base.base" name="@AfterTest afterSuite" time="-1.5691825146E9">
    <skipped/>
  </testcase> <!-- @AfterTest afterSuite -->
  <testcase classname="Base.base" name="testing" time="0.0">
    <skipped/>
  </testcase> <!-- testing -->
</testsuite> <!-- Test -->
