<?xml version="1.0" encoding="UTF-8"?>
<testng-results ignored="0" total="1" passed="1" failed="0" skipped="0">
  <reporter-output>
  </reporter-output>
  <suite started-at="2019-09-22T16:07:55 EDT" name="Default suite" finished-at="2019-09-22T16:08:05 EDT" duration-ms="9640">
    <groups>
    </groups>
    <test started-at="2019-09-22T16:07:55 EDT" name="Default test" finished-at="2019-09-22T16:08:05 EDT" duration-ms="9640">
      <class name="Base.base">
        <test-method is-config="true" signature="beforeSuite()[pri:0, instance:Base.base@ed7f8b4]" started-at="2019-09-22T16:07:31 EDT" name="beforeSuite" finished-at="2019-09-22T16:07:55 EDT" duration-ms="24174" status="PASS">
          <reporter-output>
          </reporter-output>
        </test-method> <!-- beforeSuite -->
        <test-method signature="testing()[pri:0, instance:Base.base@ed7f8b4]" started-at="2019-09-22T16:07:55 EDT" name="testing" finished-at="2019-09-22T16:08:03 EDT" duration-ms="7795" status="PASS">
          <reporter-output>
          </reporter-output>
        </test-method> <!-- testing -->
        <test-method is-config="true" signature="afterSuite()[pri:0, instance:Base.base@ed7f8b4]" started-at="2019-09-22T16:08:03 EDT" name="afterSuite" finished-at="2019-09-22T16:08:05 EDT" duration-ms="1773" status="PASS">
          <reporter-output>
          </reporter-output>
        </test-method> <!-- afterSuite -->
      </class> <!-- Base.base -->
    </test> <!-- Default test -->
  </suite> <!-- Default suite -->
</testng-results>
